{"uuid":"16a3cc5e-a771-42bc-8088-bfbfd245260e","historyId":"c6381f897513d788cb74dd8e07934f7a","fullName":"TestCases.Fleet.Vehicle.Enquiry.TCFV018.TCFV018_FLEET_VEHICLE_ENQUIRY","labels":[{"name":"package","value":"TestCases.Fleet.Vehicle.Enquiry.TCFV018"},{"name":"testClass","value":"TestCases.Fleet.Vehicle.Enquiry.TCFV018"},{"name":"testMethod","value":"TCFV018_FLEET_VEHICLE_ENQUIRY"},{"name":"parentSuite","value":"VEHICLE ENQUIRY"},{"name":"suite","value":"TCFV018_To verify that user is able to Enquire Engine Number"},{"name":"subSuite","value":"TestCases.Fleet.Vehicle.Enquiry.TCFV018"},{"name":"host","value":"mid_gregory_01"},{"name":"thread","value":"6420@mid_gregory_01.main(1)"},{"name":"epic","value":"FLEET"},{"name":"feature","value":"FLEET"},{"name":"story","value":"ENQUIRY"},{"name":"severity","value":"normal"}],"links":[],"name":"TCFV018_FLEET_VEHICLE_ENQUIRY","status":"skipped","statusDetails":{"known":false,"muted":false,"flaky":false,"message":"WebElement not loaded Unable to find element on closed window (WARNING: The server did not provide any stacktrace information)\nCommand duration or timeout: 16 milliseconds\nBuild info: version: '2.53.1', revision: 'a36b8b1cd5757287168e54b817830adce9b0158d', time: '2016-06-30 19:26:09'\nSystem info: host: 'mid_gregory_01', ip: '10.0.0.10', os.name: 'Windows 10', os.arch: 'amd64', os.version: '10.0', java.version: '1.8.0_171'\nDriver info: org.openqa.selenium.ie.InternetExplorerDriver\nCapabilities [{se:ieOptions={browserAttachTimeout=0, ie.enableFullPageScreenshot=true, enablePersistentHover=false, ie.forceCreateProcessApi=false, ie.forceShellWindowsApi=false, ignoreZoomSetting=true, ie.fileUploadDialogTimeout=3000, ie.useLegacyFileUploadDialogHandling=false, nativeEvents=false, ie.ensureCleanSession=false, elementScrollBehavior=0, ie.browserCommandLineSwitches=, requireWindowFocus=true, initialBrowserUrl=http://localhost:43482/, ignoreProtectedModeSettings=true, enableElementCacheCleanup=true}, browserName=internet explorer, pageLoadStrategy=normal, javascriptEnabled=true, version=11, platform=WINDOWS, unexpectedAlertBehaviour=ignore}]\nSession ID: e0fcf31d-6781-4ca7-b07d-c180d9e5a335\n*** Element info: {Using=xpath, value=//*[@id='ENGINENO']}","trace":"java.lang.AssertionError: WebElement not loaded Unable to find element on closed window (WARNING: The server did not provide any stacktrace information)\nCommand duration or timeout: 16 milliseconds\nBuild info: version: '2.53.1', revision: 'a36b8b1cd5757287168e54b817830adce9b0158d', time: '2016-06-30 19:26:09'\nSystem info: host: 'mid_gregory_01', ip: '10.0.0.10', os.name: 'Windows 10', os.arch: 'amd64', os.version: '10.0', java.version: '1.8.0_171'\nDriver info: org.openqa.selenium.ie.InternetExplorerDriver\nCapabilities [{se:ieOptions={browserAttachTimeout=0, ie.enableFullPageScreenshot=true, enablePersistentHover=false, ie.forceCreateProcessApi=false, ie.forceShellWindowsApi=false, ignoreZoomSetting=true, ie.fileUploadDialogTimeout=3000, ie.useLegacyFileUploadDialogHandling=false, nativeEvents=false, ie.ensureCleanSession=false, elementScrollBehavior=0, ie.browserCommandLineSwitches=, requireWindowFocus=true, initialBrowserUrl=http://localhost:43482/, ignoreProtectedModeSettings=true, enableElementCacheCleanup=true}, browserName=internet explorer, pageLoadStrategy=normal, javascriptEnabled=true, version=11, platform=WINDOWS, unexpectedAlertBehaviour=ignore}]\nSession ID: e0fcf31d-6781-4ca7-b07d-c180d9e5a335\n*** Element info: {Using=xpath, value=//*[@id='ENGINENO']}\r\n\tat org.testng.Assert.fail(Assert.java:93)\r\n\tat controlers.Generics.FieldPopulate_aroundBody8(Generics.java:140)\r\n\tat controlers.Generics$AjcClosure9.run(Generics.java:1)\r\n\tat org.aspectj.runtime.reflect.JoinPointImpl.proceed(JoinPointImpl.java:149)\r\n\tat io.qameta.allure.aspects.StepsAspects.step(StepsAspects.java:46)\r\n\tat controlers.Generics.FieldPopulate(Generics.java:123)\r\n\tat pageLibrary.Vehicle.populateVal(Vehicle.java:18)\r\n\tat TestCases.Fleet.Vehicle.Enquiry.TCFV018.TCFV018_FLEET_VEHICLE_ENQUIRY(TCFV018.java:27)\r\n\tat sun.reflect.NativeMethodAccessorImpl.invoke0(Native Method)\r\n\tat sun.reflect.NativeMethodAccessorImpl.invoke(NativeMethodAccessorImpl.java:62)\r\n\tat sun.reflect.DelegatingMethodAccessorImpl.invoke(DelegatingMethodAccessorImpl.java:43)\r\n\tat java.lang.reflect.Method.invoke(Method.java:498)\r\n\tat org.testng.internal.MethodInvocationHelper.invokeMethod(MethodInvocationHelper.java:108)\r\n\tat org.testng.internal.Invoker.invokeMethod(Invoker.java:661)\r\n\tat org.testng.internal.Invoker.retryFailed(Invoker.java:1014)\r\n\tat org.testng.internal.Invoker.invokeTestMethods(Invoker.java:1215)\r\n\tat org.testng.internal.TestMethodWorker.invokeTestMethods(TestMethodWorker.java:126)\r\n\tat org.testng.internal.TestMethodWorker.run(TestMethodWorker.java:109)\r\n\tat org.testng.TestRunner.privateRun(TestRunner.java:744)\r\n\tat org.testng.TestRunner.run(TestRunner.java:602)\r\n\tat org.testng.SuiteRunner.runTest(SuiteRunner.java:380)\r\n\tat org.testng.SuiteRunner.runSequentially(SuiteRunner.java:375)\r\n\tat org.testng.SuiteRunner.privateRun(SuiteRunner.java:340)\r\n\tat org.testng.SuiteRunner.run(SuiteRunner.java:289)\r\n\tat org.testng.SuiteRunnerWorker.runSuite(SuiteRunnerWorker.java:52)\r\n\tat org.testng.SuiteRunnerWorker.run(SuiteRunnerWorker.java:86)\r\n\tat org.testng.TestNG.runSuitesSequentially(TestNG.java:1301)\r\n\tat org.testng.TestNG.runSuitesSequentially(TestNG.java:1297)\r\n\tat org.testng.TestNG.runSuitesLocally(TestNG.java:1226)\r\n\tat org.testng.TestNG.runSuites(TestNG.java:1144)\r\n\tat org.testng.TestNG.run(TestNG.java:1115)\r\n\tat org.apache.maven.surefire.testng.TestNGExecutor.run(TestNGExecutor.java:283)\r\n\tat org.apache.maven.surefire.testng.TestNGXmlTestSuite.execute(TestNGXmlTestSuite.java:75)\r\n\tat org.apache.maven.surefire.testng.TestNGProvider.invoke(TestNGProvider.java:120)\r\n\tat org.apache.maven.surefire.booter.ForkedBooter.invokeProviderInSameClassLoader(ForkedBooter.java:386)\r\n\tat org.apache.maven.surefire.booter.ForkedBooter.runSuitesInProcess(ForkedBooter.java:323)\r\n\tat org.apache.maven.surefire.booter.ForkedBooter.main(ForkedBooter.java:143)\r\n"},"stage":"finished","start":1533144811519,"stop":1533144827193,"steps":[{"name":"User Login","status":"passed","stage":"finished","start":1533144811519,"stop":1533144818958,"steps":[{"name":"Capturing Field Value","status":"passed","stage":"finished","start":1533144811723,"stop":1533144812363,"parameters":[{"name":"FieldLabel","value":"Employee No"},{"name":"FieldName","value":"login.field.empoyeeno"},{"name":"FieldValue","value":"950329"}]},{"name":"Capturing Field Value","status":"passed","stage":"finished","start":1533144812363,"stop":1533144812817,"parameters":[{"name":"FieldLabel","value":"Password"},{"name":"FieldName","value":"login.field.password"},{"name":"FieldValue","value":"TESTING5"}]},{"name":"Click on the Button/Link","status":"passed","stage":"finished","start":1533144812817,"stop":1533144817426,"parameters":[{"name":"ButtonLinkValue","value":"login.button.login"},{"name":"ButtonLocatorName","value":"login.button.login"}]}],"parameters":[{"name":"UsernameValue","value":"950329"},{"name":"PasswordValue","value":"TESTING5"}]},{"name":"Navigate Menu","status":"passed","stage":"finished","start":1533144818958,"stop":1533144825177,"parameters":[{"name":"MainMenu","value":"fleet.menu.fleet"},{"name":"MainMenuSub","value":"fleet.menu.vehicle"},{"name":"MainMenuSubSub","value":"fleet.menu.vehicle.enquiry"}]},{"name":"Capturing Field Value","status":"failed","statusDetails":{"known":false,"muted":false,"flaky":false,"message":"WebElement not loaded Unable to find element on closed window (WARNING: The server did not provide any stacktrace information)\nCommand duration or timeout: 16 milliseconds\nBuild info: version: '2.53.1', revision: 'a36b8b1cd5757287168e54b817830adce9b0158d', time: '2016-06-30 19:26:09'\nSystem info: host: 'mid_gregory_01', ip: '10.0.0.10', os.name: 'Windows 10', os.arch: 'amd64', os.version: '10.0', java.version: '1.8.0_171'\nDriver info: org.openqa.selenium.ie.InternetExplorerDriver\nCapabilities [{se:ieOptions={browserAttachTimeout=0, ie.enableFullPageScreenshot=true, enablePersistentHover=false, ie.forceCreateProcessApi=false, ie.forceShellWindowsApi=false, ignoreZoomSetting=true, ie.fileUploadDialogTimeout=3000, ie.useLegacyFileUploadDialogHandling=false, nativeEvents=false, ie.ensureCleanSession=false, elementScrollBehavior=0, ie.browserCommandLineSwitches=, requireWindowFocus=true, initialBrowserUrl=http://localhost:43482/, ignoreProtectedModeSettings=true, enableElementCacheCleanup=true}, browserName=internet explorer, pageLoadStrategy=normal, javascriptEnabled=true, version=11, platform=WINDOWS, unexpectedAlertBehaviour=ignore}]\nSession ID: e0fcf31d-6781-4ca7-b07d-c180d9e5a335\n*** Element info: {Using=xpath, value=//*[@id='ENGINENO']}","trace":"java.lang.AssertionError: WebElement not loaded Unable to find element on closed window (WARNING: The server did not provide any stacktrace information)\nCommand duration or timeout: 16 milliseconds\nBuild info: version: '2.53.1', revision: 'a36b8b1cd5757287168e54b817830adce9b0158d', time: '2016-06-30 19:26:09'\nSystem info: host: 'mid_gregory_01', ip: '10.0.0.10', os.name: 'Windows 10', os.arch: 'amd64', os.version: '10.0', java.version: '1.8.0_171'\nDriver info: org.openqa.selenium.ie.InternetExplorerDriver\nCapabilities [{se:ieOptions={browserAttachTimeout=0, ie.enableFullPageScreenshot=true, enablePersistentHover=false, ie.forceCreateProcessApi=false, ie.forceShellWindowsApi=false, ignoreZoomSetting=true, ie.fileUploadDialogTimeout=3000, ie.useLegacyFileUploadDialogHandling=false, nativeEvents=false, ie.ensureCleanSession=false, elementScrollBehavior=0, ie.browserCommandLineSwitches=, requireWindowFocus=true, initialBrowserUrl=http://localhost:43482/, ignoreProtectedModeSettings=true, enableElementCacheCleanup=true}, browserName=internet explorer, pageLoadStrategy=normal, javascriptEnabled=true, version=11, platform=WINDOWS, unexpectedAlertBehaviour=ignore}]\nSession ID: e0fcf31d-6781-4ca7-b07d-c180d9e5a335\n*** Element info: {Using=xpath, value=//*[@id='ENGINENO']}\r\n\tat org.testng.Assert.fail(Assert.java:93)\r\n\tat controlers.Generics.FieldPopulate_aroundBody8(Generics.java:140)\r\n\tat controlers.Generics$AjcClosure9.run(Generics.java:1)\r\n\tat org.aspectj.runtime.reflect.JoinPointImpl.proceed(JoinPointImpl.java:149)\r\n\tat io.qameta.allure.aspects.StepsAspects.step(StepsAspects.java:46)\r\n\tat controlers.Generics.FieldPopulate(Generics.java:123)\r\n\tat pageLibrary.Vehicle.populateVal(Vehicle.java:18)\r\n\tat TestCases.Fleet.Vehicle.Enquiry.TCFV018.TCFV018_FLEET_VEHICLE_ENQUIRY(TCFV018.java:27)\r\n\tat sun.reflect.NativeMethodAccessorImpl.invoke0(Native Method)\r\n\tat sun.reflect.NativeMethodAccessorImpl.invoke(NativeMethodAccessorImpl.java:62)\r\n\tat sun.reflect.DelegatingMethodAccessorImpl.invoke(DelegatingMethodAccessorImpl.java:43)\r\n\tat java.lang.reflect.Method.invoke(Method.java:498)\r\n\tat org.testng.internal.MethodInvocationHelper.invokeMethod(MethodInvocationHelper.java:108)\r\n\tat org.testng.internal.Invoker.invokeMethod(Invoker.java:661)\r\n\tat org.testng.internal.Invoker.retryFailed(Invoker.java:1014)\r\n\tat org.testng.internal.Invoker.invokeTestMethods(Invoker.java:1215)\r\n\tat org.testng.internal.TestMethodWorker.invokeTestMethods(TestMethodWorker.java:126)\r\n\tat org.testng.internal.TestMethodWorker.run(TestMethodWorker.java:109)\r\n\tat org.testng.TestRunner.privateRun(TestRunner.java:744)\r\n\tat org.testng.TestRunner.run(TestRunner.java:602)\r\n\tat org.testng.SuiteRunner.runTest(SuiteRunner.java:380)\r\n\tat org.testng.SuiteRunner.runSequentially(SuiteRunner.java:375)\r\n\tat org.testng.SuiteRunner.privateRun(SuiteRunner.java:340)\r\n\tat org.testng.SuiteRunner.run(SuiteRunner.java:289)\r\n\tat org.testng.SuiteRunnerWorker.runSuite(SuiteRunnerWorker.java:52)\r\n\tat org.testng.SuiteRunnerWorker.run(SuiteRunnerWorker.java:86)\r\n\tat org.testng.TestNG.runSuitesSequentially(TestNG.java:1301)\r\n\tat org.testng.TestNG.runSuitesSequentially(TestNG.java:1297)\r\n\tat org.testng.TestNG.runSuitesLocally(TestNG.java:1226)\r\n\tat org.testng.TestNG.runSuites(TestNG.java:1144)\r\n\tat org.testng.TestNG.run(TestNG.java:1115)\r\n\tat org.apache.maven.surefire.testng.TestNGExecutor.run(TestNGExecutor.java:283)\r\n\tat org.apache.maven.surefire.testng.TestNGXmlTestSuite.execute(TestNGXmlTestSuite.java:75)\r\n\tat org.apache.maven.surefire.testng.TestNGProvider.invoke(TestNGProvider.java:120)\r\n\tat org.apache.maven.surefire.booter.ForkedBooter.invokeProviderInSameClassLoader(ForkedBooter.java:386)\r\n\tat org.apache.maven.surefire.booter.ForkedBooter.runSuitesInProcess(ForkedBooter.java:323)\r\n\tat org.apache.maven.surefire.booter.ForkedBooter.main(ForkedBooter.java:143)\r\n"},"stage":"finished","start":1533144827177,"stop":1533144827193,"parameters":[{"name":"FieldLabel","value":""},{"name":"FieldName","value":"vehicle.Field.enginenumber"},{"name":"FieldValue","value":"1ZRV488254"}]}],"parameters":[{"name":"arg0","value":"950329"},{"name":"arg1","value":"TESTING5"}]}