{"uuid":"745b1f8a-412f-450f-8cd7-a503662be1f1","historyId":"cd6fede1ee1b20238a41ea9155172cf0","fullName":"TestCases.Fleet.Vehicle.Enquiry.TCFV014.TCFV014_FLEET_VEHICLE_ENQUIRY","labels":[{"name":"package","value":"TestCases.Fleet.Vehicle.Enquiry.TCFV014"},{"name":"testClass","value":"TestCases.Fleet.Vehicle.Enquiry.TCFV014"},{"name":"testMethod","value":"TCFV014_FLEET_VEHICLE_ENQUIRY"},{"name":"parentSuite","value":"VEHICLE ENQUIRY"},{"name":"suite","value":"TCFV014_To verify that user is able to Enquire Reservations by Due Back Branch - BVB on Operational Enquiries"},{"name":"subSuite","value":"TestCases.Fleet.Vehicle.Enquiry.TCFV014"},{"name":"host","value":"mid_gregory_01"},{"name":"thread","value":"6420@mid_gregory_01.main(1)"},{"name":"epic","value":"FLEET"},{"name":"feature","value":"FLEET"},{"name":"story","value":"ENQUIRY"},{"name":"severity","value":"normal"}],"links":[],"name":"TCFV014_FLEET_VEHICLE_ENQUIRY","status":"skipped","statusDetails":{"known":false,"muted":false,"flaky":false,"message":"WebElement not loaded Unable to find element with xpath == //div[@id='1']/table/tbody/tr[20]/td[2]/a (WARNING: The server did not provide any stacktrace information)\nCommand duration or timeout: 10.02 seconds\nFor documentation on this error, please visit: http://seleniumhq.org/exceptions/no_such_element.html\nBuild info: version: '2.53.1', revision: 'a36b8b1cd5757287168e54b817830adce9b0158d', time: '2016-06-30 19:26:09'\nSystem info: host: 'mid_gregory_01', ip: '10.0.0.10', os.name: 'Windows 10', os.arch: 'amd64', os.version: '10.0', java.version: '1.8.0_171'\nDriver info: org.openqa.selenium.ie.InternetExplorerDriver\nCapabilities [{se:ieOptions={browserAttachTimeout=0, ie.enableFullPageScreenshot=true, enablePersistentHover=false, ie.forceCreateProcessApi=false, ie.forceShellWindowsApi=false, ignoreZoomSetting=true, ie.fileUploadDialogTimeout=3000, ie.useLegacyFileUploadDialogHandling=false, nativeEvents=false, ie.ensureCleanSession=false, elementScrollBehavior=0, ie.browserCommandLineSwitches=, requireWindowFocus=true, initialBrowserUrl=http://localhost:1475/, ignoreProtectedModeSettings=true, enableElementCacheCleanup=true}, browserName=internet explorer, pageLoadStrategy=normal, javascriptEnabled=true, version=11, platform=WINDOWS, unexpectedAlertBehaviour=ignore}]\nSession ID: 9e9b9aa6-a390-499e-a704-6db88a205a76\n*** Element info: {Using=xpath, value=//div[@id='1']/table/tbody/tr[20]/td[2]/a}","trace":"java.lang.AssertionError: WebElement not loaded Unable to find element with xpath == //div[@id='1']/table/tbody/tr[20]/td[2]/a (WARNING: The server did not provide any stacktrace information)\nCommand duration or timeout: 10.02 seconds\nFor documentation on this error, please visit: http://seleniumhq.org/exceptions/no_such_element.html\nBuild info: version: '2.53.1', revision: 'a36b8b1cd5757287168e54b817830adce9b0158d', time: '2016-06-30 19:26:09'\nSystem info: host: 'mid_gregory_01', ip: '10.0.0.10', os.name: 'Windows 10', os.arch: 'amd64', os.version: '10.0', java.version: '1.8.0_171'\nDriver info: org.openqa.selenium.ie.InternetExplorerDriver\nCapabilities [{se:ieOptions={browserAttachTimeout=0, ie.enableFullPageScreenshot=true, enablePersistentHover=false, ie.forceCreateProcessApi=false, ie.forceShellWindowsApi=false, ignoreZoomSetting=true, ie.fileUploadDialogTimeout=3000, ie.useLegacyFileUploadDialogHandling=false, nativeEvents=false, ie.ensureCleanSession=false, elementScrollBehavior=0, ie.browserCommandLineSwitches=, requireWindowFocus=true, initialBrowserUrl=http://localhost:1475/, ignoreProtectedModeSettings=true, enableElementCacheCleanup=true}, browserName=internet explorer, pageLoadStrategy=normal, javascriptEnabled=true, version=11, platform=WINDOWS, unexpectedAlertBehaviour=ignore}]\nSession ID: 9e9b9aa6-a390-499e-a704-6db88a205a76\n*** Element info: {Using=xpath, value=//div[@id='1']/table/tbody/tr[20]/td[2]/a}\r\n\tat org.testng.Assert.fail(Assert.java:93)\r\n\tat controlers.Generics.ClickButtonLink_aroundBody0(Generics.java:47)\r\n\tat controlers.Generics$AjcClosure1.run(Generics.java:1)\r\n\tat org.aspectj.runtime.reflect.JoinPointImpl.proceed(JoinPointImpl.java:149)\r\n\tat io.qameta.allure.aspects.StepsAspects.step(StepsAspects.java:46)\r\n\tat controlers.Generics.ClickButtonLink(Generics.java:27)\r\n\tat TestCases.Fleet.Vehicle.Enquiry.TCFV014.TCFV014_FLEET_VEHICLE_ENQUIRY(TCFV014.java:29)\r\n\tat sun.reflect.NativeMethodAccessorImpl.invoke0(Native Method)\r\n\tat sun.reflect.NativeMethodAccessorImpl.invoke(NativeMethodAccessorImpl.java:62)\r\n\tat sun.reflect.DelegatingMethodAccessorImpl.invoke(DelegatingMethodAccessorImpl.java:43)\r\n\tat java.lang.reflect.Method.invoke(Method.java:498)\r\n\tat org.testng.internal.MethodInvocationHelper.invokeMethod(MethodInvocationHelper.java:108)\r\n\tat org.testng.internal.Invoker.invokeMethod(Invoker.java:661)\r\n\tat org.testng.internal.Invoker.invokeTestMethod(Invoker.java:869)\r\n\tat org.testng.internal.Invoker.invokeTestMethods(Invoker.java:1193)\r\n\tat org.testng.internal.TestMethodWorker.invokeTestMethods(TestMethodWorker.java:126)\r\n\tat org.testng.internal.TestMethodWorker.run(TestMethodWorker.java:109)\r\n\tat org.testng.TestRunner.privateRun(TestRunner.java:744)\r\n\tat org.testng.TestRunner.run(TestRunner.java:602)\r\n\tat org.testng.SuiteRunner.runTest(SuiteRunner.java:380)\r\n\tat org.testng.SuiteRunner.runSequentially(SuiteRunner.java:375)\r\n\tat org.testng.SuiteRunner.privateRun(SuiteRunner.java:340)\r\n\tat org.testng.SuiteRunner.run(SuiteRunner.java:289)\r\n\tat org.testng.SuiteRunnerWorker.runSuite(SuiteRunnerWorker.java:52)\r\n\tat org.testng.SuiteRunnerWorker.run(SuiteRunnerWorker.java:86)\r\n\tat org.testng.TestNG.runSuitesSequentially(TestNG.java:1301)\r\n\tat org.testng.TestNG.runSuitesSequentially(TestNG.java:1297)\r\n\tat org.testng.TestNG.runSuitesLocally(TestNG.java:1226)\r\n\tat org.testng.TestNG.runSuites(TestNG.java:1144)\r\n\tat org.testng.TestNG.run(TestNG.java:1115)\r\n\tat org.apache.maven.surefire.testng.TestNGExecutor.run(TestNGExecutor.java:283)\r\n\tat org.apache.maven.surefire.testng.TestNGXmlTestSuite.execute(TestNGXmlTestSuite.java:75)\r\n\tat org.apache.maven.surefire.testng.TestNGProvider.invoke(TestNGProvider.java:120)\r\n\tat org.apache.maven.surefire.booter.ForkedBooter.invokeProviderInSameClassLoader(ForkedBooter.java:386)\r\n\tat org.apache.maven.surefire.booter.ForkedBooter.runSuitesInProcess(ForkedBooter.java:323)\r\n\tat org.apache.maven.surefire.booter.ForkedBooter.main(ForkedBooter.java:143)\r\n"},"stage":"finished","start":1533144610899,"stop":1533144641621,"steps":[{"name":"User Login","status":"passed","stage":"finished","start":1533144610899,"stop":1533144617572,"steps":[{"name":"Capturing Field Value","status":"passed","stage":"finished","start":1533144611086,"stop":1533144611524,"parameters":[{"name":"FieldLabel","value":"Employee No"},{"name":"FieldName","value":"login.field.empoyeeno"},{"name":"FieldValue","value":"950329"}]},{"name":"Capturing Field Value","status":"passed","stage":"finished","start":1533144611524,"stop":1533144611930,"parameters":[{"name":"FieldLabel","value":"Password"},{"name":"FieldName","value":"login.field.password"},{"name":"FieldValue","value":"TESTING5"}]},{"name":"Click on the Button/Link","status":"passed","stage":"finished","start":1533144611930,"stop":1533144616509,"parameters":[{"name":"ButtonLinkValue","value":"login.button.login"},{"name":"ButtonLocatorName","value":"login.button.login"}]}],"parameters":[{"name":"UsernameValue","value":"950329"},{"name":"PasswordValue","value":"TESTING5"}]},{"name":"Navigate Menu","status":"passed","stage":"finished","start":1533144617572,"stop":1533144627604,"parameters":[{"name":"MainMenu","value":"fleet.menu.fleet"},{"name":"MainMenuSub","value":"fleet.menu.vehicle"},{"name":"MainMenuSubSub","value":"fleet.menu.vehicle.enquiry"}]},{"name":"Click on the Button/Link","status":"failed","statusDetails":{"known":false,"muted":false,"flaky":false,"message":"WebElement not loaded Unable to find element with xpath == //div[@id='1']/table/tbody/tr[20]/td[2]/a (WARNING: The server did not provide any stacktrace information)\nCommand duration or timeout: 10.02 seconds\nFor documentation on this error, please visit: http://seleniumhq.org/exceptions/no_such_element.html\nBuild info: version: '2.53.1', revision: 'a36b8b1cd5757287168e54b817830adce9b0158d', time: '2016-06-30 19:26:09'\nSystem info: host: 'mid_gregory_01', ip: '10.0.0.10', os.name: 'Windows 10', os.arch: 'amd64', os.version: '10.0', java.version: '1.8.0_171'\nDriver info: org.openqa.selenium.ie.InternetExplorerDriver\nCapabilities [{se:ieOptions={browserAttachTimeout=0, ie.enableFullPageScreenshot=true, enablePersistentHover=false, ie.forceCreateProcessApi=false, ie.forceShellWindowsApi=false, ignoreZoomSetting=true, ie.fileUploadDialogTimeout=3000, ie.useLegacyFileUploadDialogHandling=false, nativeEvents=false, ie.ensureCleanSession=false, elementScrollBehavior=0, ie.browserCommandLineSwitches=, requireWindowFocus=true, initialBrowserUrl=http://localhost:1475/, ignoreProtectedModeSettings=true, enableElementCacheCleanup=true}, browserName=internet explorer, pageLoadStrategy=normal, javascriptEnabled=true, version=11, platform=WINDOWS, unexpectedAlertBehaviour=ignore}]\nSession ID: 9e9b9aa6-a390-499e-a704-6db88a205a76\n*** Element info: {Using=xpath, value=//div[@id='1']/table/tbody/tr[20]/td[2]/a}","trace":"java.lang.AssertionError: WebElement not loaded Unable to find element with xpath == //div[@id='1']/table/tbody/tr[20]/td[2]/a (WARNING: The server did not provide any stacktrace information)\nCommand duration or timeout: 10.02 seconds\nFor documentation on this error, please visit: http://seleniumhq.org/exceptions/no_such_element.html\nBuild info: version: '2.53.1', revision: 'a36b8b1cd5757287168e54b817830adce9b0158d', time: '2016-06-30 19:26:09'\nSystem info: host: 'mid_gregory_01', ip: '10.0.0.10', os.name: 'Windows 10', os.arch: 'amd64', os.version: '10.0', java.version: '1.8.0_171'\nDriver info: org.openqa.selenium.ie.InternetExplorerDriver\nCapabilities [{se:ieOptions={browserAttachTimeout=0, ie.enableFullPageScreenshot=true, enablePersistentHover=false, ie.forceCreateProcessApi=false, ie.forceShellWindowsApi=false, ignoreZoomSetting=true, ie.fileUploadDialogTimeout=3000, ie.useLegacyFileUploadDialogHandling=false, nativeEvents=false, ie.ensureCleanSession=false, elementScrollBehavior=0, ie.browserCommandLineSwitches=, requireWindowFocus=true, initialBrowserUrl=http://localhost:1475/, ignoreProtectedModeSettings=true, enableElementCacheCleanup=true}, browserName=internet explorer, pageLoadStrategy=normal, javascriptEnabled=true, version=11, platform=WINDOWS, unexpectedAlertBehaviour=ignore}]\nSession ID: 9e9b9aa6-a390-499e-a704-6db88a205a76\n*** Element info: {Using=xpath, value=//div[@id='1']/table/tbody/tr[20]/td[2]/a}\r\n\tat org.testng.Assert.fail(Assert.java:93)\r\n\tat controlers.Generics.ClickButtonLink_aroundBody0(Generics.java:47)\r\n\tat controlers.Generics$AjcClosure1.run(Generics.java:1)\r\n\tat org.aspectj.runtime.reflect.JoinPointImpl.proceed(JoinPointImpl.java:149)\r\n\tat io.qameta.allure.aspects.StepsAspects.step(StepsAspects.java:46)\r\n\tat controlers.Generics.ClickButtonLink(Generics.java:27)\r\n\tat TestCases.Fleet.Vehicle.Enquiry.TCFV014.TCFV014_FLEET_VEHICLE_ENQUIRY(TCFV014.java:29)\r\n\tat sun.reflect.NativeMethodAccessorImpl.invoke0(Native Method)\r\n\tat sun.reflect.NativeMethodAccessorImpl.invoke(NativeMethodAccessorImpl.java:62)\r\n\tat sun.reflect.DelegatingMethodAccessorImpl.invoke(DelegatingMethodAccessorImpl.java:43)\r\n\tat java.lang.reflect.Method.invoke(Method.java:498)\r\n\tat org.testng.internal.MethodInvocationHelper.invokeMethod(MethodInvocationHelper.java:108)\r\n\tat org.testng.internal.Invoker.invokeMethod(Invoker.java:661)\r\n\tat org.testng.internal.Invoker.invokeTestMethod(Invoker.java:869)\r\n\tat org.testng.internal.Invoker.invokeTestMethods(Invoker.java:1193)\r\n\tat org.testng.internal.TestMethodWorker.invokeTestMethods(TestMethodWorker.java:126)\r\n\tat org.testng.internal.TestMethodWorker.run(TestMethodWorker.java:109)\r\n\tat org.testng.TestRunner.privateRun(TestRunner.java:744)\r\n\tat org.testng.TestRunner.run(TestRunner.java:602)\r\n\tat org.testng.SuiteRunner.runTest(SuiteRunner.java:380)\r\n\tat org.testng.SuiteRunner.runSequentially(SuiteRunner.java:375)\r\n\tat org.testng.SuiteRunner.privateRun(SuiteRunner.java:340)\r\n\tat org.testng.SuiteRunner.run(SuiteRunner.java:289)\r\n\tat org.testng.SuiteRunnerWorker.runSuite(SuiteRunnerWorker.java:52)\r\n\tat org.testng.SuiteRunnerWorker.run(SuiteRunnerWorker.java:86)\r\n\tat org.testng.TestNG.runSuitesSequentially(TestNG.java:1301)\r\n\tat org.testng.TestNG.runSuitesSequentially(TestNG.java:1297)\r\n\tat org.testng.TestNG.runSuitesLocally(TestNG.java:1226)\r\n\tat org.testng.TestNG.runSuites(TestNG.java:1144)\r\n\tat org.testng.TestNG.run(TestNG.java:1115)\r\n\tat org.apache.maven.surefire.testng.TestNGExecutor.run(TestNGExecutor.java:283)\r\n\tat org.apache.maven.surefire.testng.TestNGXmlTestSuite.execute(TestNGXmlTestSuite.java:75)\r\n\tat org.apache.maven.surefire.testng.TestNGProvider.invoke(TestNGProvider.java:120)\r\n\tat org.apache.maven.surefire.booter.ForkedBooter.invokeProviderInSameClassLoader(ForkedBooter.java:386)\r\n\tat org.apache.maven.surefire.booter.ForkedBooter.runSuitesInProcess(ForkedBooter.java:323)\r\n\tat org.apache.maven.surefire.booter.ForkedBooter.main(ForkedBooter.java:143)\r\n"},"stage":"finished","start":1533144631604,"stop":1533144641621,"parameters":[{"name":"ButtonLinkValue","value":"vehicle.link.reservationbyduebackbranch"},{"name":"ButtonLocatorName","value":"vehicle.link.reservationbyduebackbranch"}]}],"parameters":[{"name":"arg0","value":"950329"},{"name":"arg1","value":"TESTING5"}]}